/__w/mn-samples-iso/mn-samples-iso/published/documents/amendment/rice-amd.fdamd.err errors


== Style

(XML Line 000072): Foreword may contain requirement: ISO shall not be held responsible for identifying any or all such patent rights
	<foreword id="_d97f4200-6d6e-4a58-9f6e-6b7db6f66b90" obligation="informative"><title>Foreword</title><p id="_67b4396f-a84f-49af-821a-f870868e29f1">ISO (the International Organization for Standardization) is a worldwide federation of national standards bodies (ISO member bodies). The work of preparing International Standards is normally carried out through ISO technical committees. Each member body interested in a subject for which a technical committee has been established has the right to be represented on that committee. International organizations, governmental and non-governmental, in liaison with ISO, also take part in the work. ISO collaborates closely with the International Electrotechnical Commission (IEC) on all matters of electrotechnical standardization.</p>
	<p id="_83f23d73-fe37-4096-aca1-522d45071fe7">The procedures used to develop this document and those intended for its further maintenance are described in the ISO/IEC Directives, Part 1. In particular the different approval criteria needed for the different types of ISO documents should be noted. This document was drafted in accordance with the editorial rules of the ISO/IEC Directives, Part 2 (see www.iso.org/directives).</p>
	<p id="_9fffa795-6615-4a9e-a572-fe27879ecec0">Attention is drawn to the possibility that some of the elements of this document may be the subject of patent rights. ISO shall not be held responsible for identifying any or all such patent rights. Details of any patent rights identified during the development of the document will be in the Introduction and/or on the ISO list of patent declarations received (see www.iso.org/patents).</p>
	<p id="_84c494f6-c5b9-4792-9067-5bee6e681b1e">Any trade name used in this document is information given for the convenience of users and does not constitute an endorsement.</p>
	<p id="_c665dcf8-974f-4adc-b102-dacc4b907889">For an explanation on the voluntary nature of standards, the meaning of ISO specific terms and expressions related to conformity assessment, as well as information about ISO’s adherence to the World Trade Organization (WTO) principles in the Technical Barriers to Trade (TBT) see the following URL: www.iso.org/iso/foreword.html.</p>
(XML Line 000072): Foreword may contain permission: Attention is drawn to the possibility that some of the elements of this document may be the subject of patent rights
	<foreword id="_d97f4200-6d6e-4a58-9f6e-6b7db6f66b90" obligation="informative"><title>Foreword</title><p id="_67b4396f-a84f-49af-821a-f870868e29f1">ISO (the International Organization for Standardization) is a worldwide federation of national standards bodies (ISO member bodies). The work of preparing International Standards is normally carried out through ISO technical committees. Each member body interested in a subject for which a technical committee has been established has the right to be represented on that committee. International organizations, governmental and non-governmental, in liaison with ISO, also take part in the work. ISO collaborates closely with the International Electrotechnical Commission (IEC) on all matters of electrotechnical standardization.</p>
	<p id="_83f23d73-fe37-4096-aca1-522d45071fe7">The procedures used to develop this document and those intended for its further maintenance are described in the ISO/IEC Directives, Part 1. In particular the different approval criteria needed for the different types of ISO documents should be noted. This document was drafted in accordance with the editorial rules of the ISO/IEC Directives, Part 2 (see www.iso.org/directives).</p>
	<p id="_9fffa795-6615-4a9e-a572-fe27879ecec0">Attention is drawn to the possibility that some of the elements of this document may be the subject of patent rights. ISO shall not be held responsible for identifying any or all such patent rights. Details of any patent rights identified during the development of the document will be in the Introduction and/or on the ISO list of patent declarations received (see www.iso.org/patents).</p>
	<p id="_84c494f6-c5b9-4792-9067-5bee6e681b1e">Any trade name used in this document is information given for the convenience of users and does not constitute an endorsement.</p>
	<p id="_c665dcf8-974f-4adc-b102-dacc4b907889">For an explanation on the voluntary nature of standards, the meaning of ISO specific terms and expressions related to conformity assessment, as well as information about ISO’s adherence to the World Trade Organization (WTO) principles in the Technical Barriers to Trade (TBT) see the following URL: www.iso.org/iso/foreword.html.</p>
(XML Line 000072): Foreword may contain recommendation: In particular the different approval criteria needed for the different types of ISO documents should be noted
	<foreword id="_d97f4200-6d6e-4a58-9f6e-6b7db6f66b90" obligation="informative"><title>Foreword</title><p id="_67b4396f-a84f-49af-821a-f870868e29f1">ISO (the International Organization for Standardization) is a worldwide federation of national standards bodies (ISO member bodies). The work of preparing International Standards is normally carried out through ISO technical committees. Each member body interested in a subject for which a technical committee has been established has the right to be represented on that committee. International organizations, governmental and non-governmental, in liaison with ISO, also take part in the work. ISO collaborates closely with the International Electrotechnical Commission (IEC) on all matters of electrotechnical standardization.</p>
	<p id="_83f23d73-fe37-4096-aca1-522d45071fe7">The procedures used to develop this document and those intended for its further maintenance are described in the ISO/IEC Directives, Part 1. In particular the different approval criteria needed for the different types of ISO documents should be noted. This document was drafted in accordance with the editorial rules of the ISO/IEC Directives, Part 2 (see www.iso.org/directives).</p>
	<p id="_9fffa795-6615-4a9e-a572-fe27879ecec0">Attention is drawn to the possibility that some of the elements of this document may be the subject of patent rights. ISO shall not be held responsible for identifying any or all such patent rights. Details of any patent rights identified during the development of the document will be in the Introduction and/or on the ISO list of patent declarations received (see www.iso.org/patents).</p>
	<p id="_84c494f6-c5b9-4792-9067-5bee6e681b1e">Any trade name used in this document is information given for the convenience of users and does not constitute an endorsement.</p>
	<p id="_c665dcf8-974f-4adc-b102-dacc4b907889">For an explanation on the voluntary nature of standards, the meaning of ISO specific terms and expressions related to conformity assessment, as well as information about ISO’s adherence to the World Trade Organization (WTO) principles in the Technical Barriers to Trade (TBT) see the following URL: www.iso.org/iso/foreword.html.</p>
(XML Line 000119): possible decimal point: 2.1
	<p id="_75f21d04-400a-4739-80f4-8321dd5e0f6a"><strong>A.2.1 Sample divider</strong>, consisting of a conical sample divider or multiple-slot sample divider with a distribution system, e.g. conical (Boerner-type) divider such as that shown in Figure A.1 or multiple-slot (riffle-type) divider such as that shown in Figure A.2.</p>


== Metanorma XML Syntax

(XML Line 000132:201): element "clause" incomplete; missing required element "clause"
(XML Line 000137:138): element "clause" incomplete; missing required element "clause"
(XML Line 000141:31): element "clause" incomplete; missing required element "clause"
(XML Line 000148:31): element "clause" incomplete; missing required element "clause"
(XML Line 000152:266): element "clause" incomplete; missing required element "clause"
(XML Line 000156:241): element "clause" incomplete; missing required element "clause"
(XML Line 000160:31): element "clause" incomplete; missing required element "clause"
(XML Line 000164:31): element "clause" incomplete; missing required element "clause"
(XML Line 000168:31): element "clause" incomplete; missing required element "clause"
(XML Line 000200:31): element "clause" incomplete; missing required element "clause"
(XML Line 000207:300): element "clause" incomplete; missing required element "clause"
