/__w/mn-samples-iso/mn-samples-iso/published/documents/amendment/rice-amd.final.err errors


== Style

(XML Line 000075): Foreword may contain requirement: ISO shall not be held responsible for identifying any or all such patent rights
	<foreword id="_349a42af-aed8-40c9-9b81-c88b122705e8" obligation="informative"><title>Foreword</title><p id="_dd03fddb-00fd-4529-98d9-a7233ef50448">ISO (the International Organization for Standardization) is a worldwide federation of national standards bodies (ISO member bodies). The work of preparing International Standards is normally carried out through ISO technical committees. Each member body interested in a subject for which a technical committee has been established has the right to be represented on that committee. International organizations, governmental and non-governmental, in liaison with ISO, also take part in the work. ISO collaborates closely with the International Electrotechnical Commission (IEC) on all matters of electrotechnical standardization.</p>
	<p id="_0ac7017b-a3bc-4bcf-a7e1-50339fb5c34d">The procedures used to develop this document and those intended for its further maintenance are described in the ISO/IEC Directives, Part 1. In particular the different approval criteria needed for the different types of ISO documents should be noted. This document was drafted in accordance with the editorial rules of the ISO/IEC Directives, Part 2 (see www.iso.org/directives).</p>
	<p id="_9507e076-ca2d-4b40-9fa5-6a0b2b5c5ad2">Attention is drawn to the possibility that some of the elements of this document may be the subject of patent rights. ISO shall not be held responsible for identifying any or all such patent rights. Details of any patent rights identified during the development of the document will be in the Introduction and/or on the ISO list of patent declarations received (see www.iso.org/patents).</p>
	<p id="_6231c46f-93bf-4f33-b7b0-a747a8b978bd">Any trade name used in this document is information given for the convenience of users and does not constitute an endorsement.</p>
	<p id="_a9245119-db0c-4d48-b723-ea3e40fea5c6">For an explanation on the voluntary nature of standards, the meaning of ISO specific terms and expressions related to conformity assessment, as well as information about ISO’s adherence to the World Trade Organization (WTO) principles in the Technical Barriers to Trade (TBT) see the following URL: www.iso.org/iso/foreword.html.</p>
(XML Line 000075): Foreword may contain permission: Attention is drawn to the possibility that some of the elements of this document may be the subject of patent rights
	<foreword id="_349a42af-aed8-40c9-9b81-c88b122705e8" obligation="informative"><title>Foreword</title><p id="_dd03fddb-00fd-4529-98d9-a7233ef50448">ISO (the International Organization for Standardization) is a worldwide federation of national standards bodies (ISO member bodies). The work of preparing International Standards is normally carried out through ISO technical committees. Each member body interested in a subject for which a technical committee has been established has the right to be represented on that committee. International organizations, governmental and non-governmental, in liaison with ISO, also take part in the work. ISO collaborates closely with the International Electrotechnical Commission (IEC) on all matters of electrotechnical standardization.</p>
	<p id="_0ac7017b-a3bc-4bcf-a7e1-50339fb5c34d">The procedures used to develop this document and those intended for its further maintenance are described in the ISO/IEC Directives, Part 1. In particular the different approval criteria needed for the different types of ISO documents should be noted. This document was drafted in accordance with the editorial rules of the ISO/IEC Directives, Part 2 (see www.iso.org/directives).</p>
	<p id="_9507e076-ca2d-4b40-9fa5-6a0b2b5c5ad2">Attention is drawn to the possibility that some of the elements of this document may be the subject of patent rights. ISO shall not be held responsible for identifying any or all such patent rights. Details of any patent rights identified during the development of the document will be in the Introduction and/or on the ISO list of patent declarations received (see www.iso.org/patents).</p>
	<p id="_6231c46f-93bf-4f33-b7b0-a747a8b978bd">Any trade name used in this document is information given for the convenience of users and does not constitute an endorsement.</p>
	<p id="_a9245119-db0c-4d48-b723-ea3e40fea5c6">For an explanation on the voluntary nature of standards, the meaning of ISO specific terms and expressions related to conformity assessment, as well as information about ISO’s adherence to the World Trade Organization (WTO) principles in the Technical Barriers to Trade (TBT) see the following URL: www.iso.org/iso/foreword.html.</p>
(XML Line 000075): Foreword may contain recommendation: In particular the different approval criteria needed for the different types of ISO documents should be noted
	<foreword id="_349a42af-aed8-40c9-9b81-c88b122705e8" obligation="informative"><title>Foreword</title><p id="_dd03fddb-00fd-4529-98d9-a7233ef50448">ISO (the International Organization for Standardization) is a worldwide federation of national standards bodies (ISO member bodies). The work of preparing International Standards is normally carried out through ISO technical committees. Each member body interested in a subject for which a technical committee has been established has the right to be represented on that committee. International organizations, governmental and non-governmental, in liaison with ISO, also take part in the work. ISO collaborates closely with the International Electrotechnical Commission (IEC) on all matters of electrotechnical standardization.</p>
	<p id="_0ac7017b-a3bc-4bcf-a7e1-50339fb5c34d">The procedures used to develop this document and those intended for its further maintenance are described in the ISO/IEC Directives, Part 1. In particular the different approval criteria needed for the different types of ISO documents should be noted. This document was drafted in accordance with the editorial rules of the ISO/IEC Directives, Part 2 (see www.iso.org/directives).</p>
	<p id="_9507e076-ca2d-4b40-9fa5-6a0b2b5c5ad2">Attention is drawn to the possibility that some of the elements of this document may be the subject of patent rights. ISO shall not be held responsible for identifying any or all such patent rights. Details of any patent rights identified during the development of the document will be in the Introduction and/or on the ISO list of patent declarations received (see www.iso.org/patents).</p>
	<p id="_6231c46f-93bf-4f33-b7b0-a747a8b978bd">Any trade name used in this document is information given for the convenience of users and does not constitute an endorsement.</p>
	<p id="_a9245119-db0c-4d48-b723-ea3e40fea5c6">For an explanation on the voluntary nature of standards, the meaning of ISO specific terms and expressions related to conformity assessment, as well as information about ISO’s adherence to the World Trade Organization (WTO) principles in the Technical Barriers to Trade (TBT) see the following URL: www.iso.org/iso/foreword.html.</p>
(XML Line 000122): possible decimal point: 2.1
	<p id="_21a00033-1830-4f3f-8a49-63dec421ca61"><strong>A.2.1 Sample divider</strong>, consisting of a conical sample divider or multiple-slot sample divider with a distribution system, e.g. conical (Boerner-type) divider such as that shown in Figure A.1 or multiple-slot (riffle-type) divider such as that shown in Figure A.2.</p>


== Metanorma XML Syntax

(XML Line 000119:201): element "clause" incomplete; missing required element "clause"
(XML Line 000124:138): element "clause" incomplete; missing required element "clause"
(XML Line 000128:31): element "clause" incomplete; missing required element "clause"
(XML Line 000135:31): element "clause" incomplete; missing required element "clause"
(XML Line 000139:266): element "clause" incomplete; missing required element "clause"
(XML Line 000143:241): element "clause" incomplete; missing required element "clause"
(XML Line 000147:31): element "clause" incomplete; missing required element "clause"
(XML Line 000151:31): element "clause" incomplete; missing required element "clause"
(XML Line 000155:31): element "clause" incomplete; missing required element "clause"
(XML Line 000187:31): element "clause" incomplete; missing required element "clause"
(XML Line 000194:300): element "clause" incomplete; missing required element "clause"
